<?xml version="1.0" encoding="UTF-8"?>
<testng-results ignored="0" total="0" passed="0" failed="0" skipped="0">
  <reporter-output>
  </reporter-output>
  <suite started-at="2021-06-11T07:42:16 EDT" name="Default suite" finished-at="2021-06-11T07:42:17 EDT" duration-ms="369">
    <groups>
      <group name="cucumber">
        <method signature="AbstractTestNGCucumberTests.runScenario(io.cucumber.testng.PickleWrapper,io.cucumber.testng.FeatureWrapper)[pri:0, instance:com.runner.TestNGRunner@20ccf40b]" name="runScenario" class="io.cucumber.testng.AbstractTestNGCucumberTests"/>
      </group> <!-- cucumber -->
    </groups>
    <test started-at="2021-06-11T07:42:16 EDT" name="Default test" finished-at="2021-06-11T07:42:17 EDT" duration-ms="369">
      <class name="com.runner.TestNGRunner">
        <test-method is-config="true" signature="setUpClass()[pri:0, instance:com.runner.TestNGRunner@20ccf40b]" started-at="2021-06-11T07:42:16 EDT" name="setUpClass" finished-at="2021-06-11T07:42:17 EDT" duration-ms="309" status="PASS">
          <reporter-output>
          </reporter-output>
        </test-method> <!-- setUpClass -->
        <test-method is-config="true" signature="tearDownClass()[pri:0, instance:com.runner.TestNGRunner@20ccf40b]" started-at="2021-06-11T07:42:17 EDT" name="tearDownClass" finished-at="2021-06-11T07:42:17 EDT" duration-ms="16" status="PASS">
          <reporter-output>
          </reporter-output>
        </test-method> <!-- tearDownClass -->
      </class> <!-- com.runner.TestNGRunner -->
    </test> <!-- Default test -->
  </suite> <!-- Default suite -->
</testng-results>
