<?xml version="1.0" encoding="UTF-8"?>
<!-- Generated by org.testng.reporters.JUnitXMLReporter -->
<testsuite ignored="0" hostname="Pratixa-Laptop" failures="0" tests="4" name="Default test" time="3.531" errors="0" timestamp="2021-06-27T05:18:26 EDT">
  <testcase classname="com.test.DemoRestAPI" name="delete" time="1.702"/>
  <testcase classname="com.test.DemoRestAPI" name="postPets" time="0.383"/>
  <testcase classname="com.test.DemoRestAPI" name="putPets" time="0.303"/>
  <testcase classname="com.test.DemoRestAPI" name="testAPI" time="0.329"/>
</testsuite> <!-- Default test -->
