<?xml version="1.0" encoding="UTF-8"?>
<testng-results ignored="0" total="4" passed="4" failed="0" skipped="0">
  <reporter-output>
  </reporter-output>
  <suite started-at="2021-04-25T00:04:33 IST" name="Suite" finished-at="2021-04-25T00:04:33 IST" duration-ms="91">
    <groups>
    </groups>
    <test started-at="2021-04-25T00:04:33 IST" name="Chrome" finished-at="2021-04-25T00:04:33 IST" duration-ms="44">
      <class name="testngpackage.SampleTest">
        <test-method is-config="true" signature="beforeclass(java.lang.String, java.lang.String)[pri:0, instance:testngpackage.SampleTest@236e3f4e]" started-at="2021-04-25T00:04:33 IST" name="beforeclass" finished-at="2021-04-25T00:04:33 IST" duration-ms="9" status="PASS">
          <params>
            <param index="0">
              <value>
                <![CDATA[QA]]>
              </value>
            </param>
            <param index="1">
              <value>
                <![CDATA[Password]]>
              </value>
            </param>
          </params>
          <reporter-output>
          </reporter-output>
        </test-method> <!-- beforeclass -->
        <test-method signature="f(java.lang.String)[pri:0, instance:testngpackage.SampleTest@236e3f4e]" started-at="2021-04-25T00:04:33 IST" name="f" finished-at="2021-04-25T00:04:33 IST" duration-ms="5" status="PASS">
          <params>
            <param index="0">
              <value>
                <![CDATA[chrome]]>
              </value>
            </param>
          </params>
          <reporter-output>
          </reporter-output>
        </test-method> <!-- f -->
        <test-method signature="f1(java.lang.String, java.lang.String)[pri:0, instance:testngpackage.SampleTest@236e3f4e]" started-at="2021-04-25T00:04:33 IST" name="f1" finished-at="2021-04-25T00:04:33 IST" duration-ms="1" status="PASS">
          <params>
            <param index="0">
              <value>
                <![CDATA[QA]]>
              </value>
            </param>
            <param index="1">
              <value>
                <![CDATA[Password]]>
              </value>
            </param>
          </params>
          <reporter-output>
          </reporter-output>
        </test-method> <!-- f1 -->
      </class> <!-- testngpackage.SampleTest -->
    </test> <!-- Chrome -->
    <test started-at="2021-04-25T00:04:33 IST" name="Firefox" finished-at="2021-04-25T00:04:33 IST" duration-ms="7">
      <class name="testngpackage.SampleTest">
        <test-method is-config="true" signature="beforeclass(java.lang.String, java.lang.String)[pri:0, instance:testngpackage.SampleTest@13b13b5d]" started-at="2021-04-25T00:04:33 IST" name="beforeclass" finished-at="2021-04-25T00:04:33 IST" duration-ms="0" status="PASS">
          <params>
            <param index="0">
              <value>
                <![CDATA[QA1]]>
              </value>
            </param>
            <param index="1">
              <value>
                <![CDATA[Password1]]>
              </value>
            </param>
          </params>
          <reporter-output>
          </reporter-output>
        </test-method> <!-- beforeclass -->
        <test-method signature="f(java.lang.String)[pri:0, instance:testngpackage.SampleTest@13b13b5d]" started-at="2021-04-25T00:04:33 IST" name="f" finished-at="2021-04-25T00:04:33 IST" duration-ms="1" status="PASS">
          <params>
            <param index="0">
              <value>
                <![CDATA[Firefox]]>
              </value>
            </param>
          </params>
          <reporter-output>
          </reporter-output>
        </test-method> <!-- f -->
        <test-method signature="f1(java.lang.String, java.lang.String)[pri:0, instance:testngpackage.SampleTest@13b13b5d]" started-at="2021-04-25T00:04:33 IST" name="f1" finished-at="2021-04-25T00:04:33 IST" duration-ms="1" status="PASS">
          <params>
            <param index="0">
              <value>
                <![CDATA[QA1]]>
              </value>
            </param>
            <param index="1">
              <value>
                <![CDATA[Password1]]>
              </value>
            </param>
          </params>
          <reporter-output>
          </reporter-output>
        </test-method> <!-- f1 -->
      </class> <!-- testngpackage.SampleTest -->
    </test> <!-- Firefox -->
  </suite> <!-- Suite -->
</testng-results>
