<?xml version="1.0" encoding="UTF-8"?>
<testng-results ignored="0" total="4" passed="4" failed="0" skipped="0">
  <reporter-output>
  </reporter-output>
  <suite started-at="2021-06-27T05:18:22 EDT" name="Default suite" finished-at="2021-06-27T05:18:26 EDT" duration-ms="3531">
    <groups>
    </groups>
    <test started-at="2021-06-27T05:18:22 EDT" name="Default test" finished-at="2021-06-27T05:18:26 EDT" duration-ms="3531">
      <class name="com.test.DemoRestAPI">
        <test-method is-config="true" signature="setUp()[pri:0, instance:com.test.DemoRestAPI@66498326]" started-at="2021-06-27T05:18:22 EDT" name="setUp" finished-at="2021-06-27T05:18:23 EDT" duration-ms="752" status="PASS">
          <reporter-output>
          </reporter-output>
        </test-method> <!-- setUp -->
        <test-method signature="delete()[pri:0, instance:com.test.DemoRestAPI@66498326]" started-at="2021-06-27T05:18:23 EDT" name="delete" finished-at="2021-06-27T05:18:25 EDT" duration-ms="1702" status="PASS">
          <reporter-output>
          </reporter-output>
        </test-method> <!-- delete -->
        <test-method signature="postPets()[pri:0, instance:com.test.DemoRestAPI@66498326]" started-at="2021-06-27T05:18:25 EDT" name="postPets" finished-at="2021-06-27T05:18:25 EDT" duration-ms="383" status="PASS">
          <reporter-output>
          </reporter-output>
        </test-method> <!-- postPets -->
        <test-method signature="putPets()[pri:0, instance:com.test.DemoRestAPI@66498326]" started-at="2021-06-27T05:18:25 EDT" name="putPets" finished-at="2021-06-27T05:18:26 EDT" duration-ms="303" status="PASS">
          <reporter-output>
          </reporter-output>
        </test-method> <!-- putPets -->
        <test-method signature="testAPI()[pri:0, instance:com.test.DemoRestAPI@66498326]" started-at="2021-06-27T05:18:26 EDT" name="testAPI" finished-at="2021-06-27T05:18:26 EDT" duration-ms="329" status="PASS">
          <reporter-output>
          </reporter-output>
        </test-method> <!-- testAPI -->
      </class> <!-- com.test.DemoRestAPI -->
    </test> <!-- Default test -->
  </suite> <!-- Default suite -->
</testng-results>
