<?xml version="1.0" encoding="UTF-8"?>
<testng-results ignored="0" total="1" passed="1" failed="0" skipped="0">
  <reporter-output>
  </reporter-output>
  <suite started-at="2021-03-13T18:38:11 EST" name="Default suite" finished-at="2021-03-13T18:38:13 EST" duration-ms="2531">
    <groups>
    </groups>
    <test started-at="2021-03-13T18:38:11 EST" name="Default test" finished-at="2021-03-13T18:38:13 EST" duration-ms="2531">
      <class name="com.api.test.PetsAPI">
        <test-method is-config="true" signature="setBaseUrl()[pri:0, instance:com.api.test.PetsAPI@1eb5174b]" started-at="2021-03-13T18:38:11 EST" name="setBaseUrl" finished-at="2021-03-13T18:38:12 EST" duration-ms="754" status="PASS">
          <reporter-output>
          </reporter-output>
        </test-method> <!-- setBaseUrl -->
        <test-method signature="getPetsDetails()[pri:0, instance:com.api.test.PetsAPI@1eb5174b]" started-at="2021-03-13T18:38:12 EST" name="getPetsDetails" finished-at="2021-03-13T18:38:13 EST" duration-ms="1738" status="PASS">
          <reporter-output>
          </reporter-output>
        </test-method> <!-- getPetsDetails -->
      </class> <!-- com.api.test.PetsAPI -->
    </test> <!-- Default test -->
  </suite> <!-- Default suite -->
</testng-results>
