<?xml version="1.0" encoding="UTF-8"?>
<testng-results ignored="0" total="3" passed="3" failed="0" skipped="0">
  <reporter-output>
  </reporter-output>
  <suite started-at="2021-05-09T07:40:38 EDT" name="Default suite" finished-at="2021-05-09T07:40:38 EDT" duration-ms="69">
    <groups>
    </groups>
    <test started-at="2021-05-09T07:40:38 EDT" name="Default test" finished-at="2021-05-09T07:40:38 EDT" duration-ms="69">
      <class name="booking.DataproviderExample">
        <test-method signature="loginTest(java.lang.String, java.lang.String)[pri:0, instance:booking.DataproviderExample@63070bab]" started-at="2021-05-09T07:40:38 EDT" name="loginTest" data-provider="LoginDataProvider" finished-at="2021-05-09T07:40:38 EDT" duration-ms="8" status="PASS">
          <params>
            <param index="0">
              <value>
                <![CDATA[abc@gmail.com]]>
              </value>
            </param>
            <param index="1">
              <value>
                <![CDATA[abc]]>
              </value>
            </param>
          </params>
          <reporter-output>
          </reporter-output>
        </test-method> <!-- loginTest -->
        <test-method signature="loginTest(java.lang.String, java.lang.String)[pri:0, instance:booking.DataproviderExample@63070bab]" started-at="2021-05-09T07:40:38 EDT" name="loginTest" data-provider="LoginDataProvider" finished-at="2021-05-09T07:40:38 EDT" duration-ms="1" status="PASS">
          <params>
            <param index="0">
              <value>
                <![CDATA[xyz@gmail.com]]>
              </value>
            </param>
            <param index="1">
              <value>
                <![CDATA[xyz]]>
              </value>
            </param>
          </params>
          <reporter-output>
          </reporter-output>
        </test-method> <!-- loginTest -->
        <test-method signature="loginTest(java.lang.String, java.lang.String)[pri:0, instance:booking.DataproviderExample@63070bab]" started-at="2021-05-09T07:40:38 EDT" name="loginTest" data-provider="LoginDataProvider" finished-at="2021-05-09T07:40:38 EDT" duration-ms="1" status="PASS">
          <params>
            <param index="0">
              <value>
                <![CDATA[pkp@gmail.com]]>
              </value>
            </param>
            <param index="1">
              <value>
                <![CDATA[pkp]]>
              </value>
            </param>
          </params>
          <reporter-output>
          </reporter-output>
        </test-method> <!-- loginTest -->
      </class> <!-- booking.DataproviderExample -->
    </test> <!-- Default test -->
  </suite> <!-- Default suite -->
</testng-results>
