<?xml version="1.0" encoding="UTF-8"?>
<!-- Generated by org.testng.reporters.JUnitXMLReporter -->
<testsuite ignored="1" hostname="DESKTOP-DGIFE34" failures="3" tests="8" name="Snmoke" time="0.053" errors="0" timestamp="2021-04-19T00:39:07 IST">
  <testcase classname="testngpackage.AssertionExample" name="test1" time="0.005">
    <failure type="java.lang.AssertionError" message="Expected false but found true expected [false] but found [true]">
      <![CDATA[java.lang.AssertionError: Expected false but found true expected [false] but found [true]
at testngpackage.AssertionExample.test1(AssertionExample.java:46)
at java.base/java.util.ArrayList.forEach(ArrayList.java:1511)
... Removed 30 stack frames]]>
    </failure>
  </testcase> <!-- test1 -->
  <testcase classname="testngpackage.AssertionExample" name="test2" time="0.004">
    <failure type="java.lang.AssertionError" message="The following asserts failed:
	Both values are not equals expected [2] but found [1],
	expected [Welcome] but found [Welcome QA],
	Expected false but found true expected [false] but found [true]">
      <![CDATA[java.lang.AssertionError: The following asserts failed:
Both values are not equals expected [2] but found [1],
expected [Welcome] but found [Welcome QA],
Expected false but found true expected [false] but found [true]
at testngpackage.AssertionExample.test2(AssertionExample.java:28)
at java.base/java.util.ArrayList.forEach(ArrayList.java:1511)
... Removed 29 stack frames]]>
    </failure>
  </testcase> <!-- test2 -->
  <testcase classname="testngpackage.SampleTest" name="f" time="0.0"/>
  <testcase classname="testngpackage.TestAttributes" name="signup" time="0.001">
    <failure type="java.lang.AssertionError" message="null">
      <![CDATA[java.lang.AssertionError: null
at testngpackage.TestAttributes.signup(TestAttributes.java:14)
at java.base/java.util.ArrayList.forEach(ArrayList.java:1511)
... Removed 29 stack frames]]>
    </failure>
  </testcase> <!-- signup -->
  <testcase classname="testngpackage.TestAttributes" name="loginWithNewUser" time="0.001"/>
  <testcase classname="testngpackage.TestAttributes" name="test3" time="0.001"/>
  <testcase classname="testngpackage.TestngDemo" name="a" time="0.001"/>
  <testcase classname="testngpackage.TestngDemo" name="b" time="0.0"/>
  <testcase classname="testngpackage.TestAttributes" name="test1" time="0.0">
    <ignored/>
  </testcase> <!-- test1 -->
</testsuite> <!-- Snmoke -->
