<?xml version="1.0" encoding="UTF-8"?>
<testng-results ignored="0" total="2" passed="2" failed="0" skipped="0">
  <reporter-output>
  </reporter-output>
  <suite started-at="2021-09-12T16:02:28 EDT" name="Default suite" finished-at="2021-09-12T16:02:32 EDT" duration-ms="4031">
    <groups>
    </groups>
    <test started-at="2021-09-12T16:02:28 EDT" name="Default test" finished-at="2021-09-12T16:02:32 EDT" duration-ms="4031">
      <class name="com.tests.GetAndPostExamples">
        <test-method signature="testGet()[pri:0, instance:com.tests.GetAndPostExamples@37f1104d]" started-at="2021-09-12T16:02:28 EDT" name="testGet" finished-at="2021-09-12T16:02:32 EDT" duration-ms="3514" status="PASS">
          <reporter-output>
          </reporter-output>
        </test-method> <!-- testGet -->
        <test-method signature="testPost()[pri:0, instance:com.tests.GetAndPostExamples@37f1104d]" started-at="2021-09-12T16:02:32 EDT" name="testPost" finished-at="2021-09-12T16:02:32 EDT" duration-ms="458" status="PASS">
          <reporter-output>
          </reporter-output>
        </test-method> <!-- testPost -->
      </class> <!-- com.tests.GetAndPostExamples -->
    </test> <!-- Default test -->
  </suite> <!-- Default suite -->
</testng-results>
