<?xml version="1.0" encoding="UTF-8"?>
<!-- Generated by org.testng.reporters.JUnitXMLReporter -->
<testsuite ignored="0" hostname="Pratixa-Laptop" failures="0" tests="6" name="ChromeTest" time="4.897" errors="0" timestamp="2021-02-14T08:25:13 EST">
  <testcase classname="com.TestNG.ParallelTestExecusion" name="tc_1" time="2.375"/>
  <testcase classname="com.TestNG.ParallelTestExecusion" name="tc_2" time="0.002"/>
  <testcase classname="com.TestNG.ParallelTestExecusion" name="tc_3" time="0.002"/>
  <testcase classname="com.TestNG.ParallelTestExecusion1" name="tc_4" time="0.002"/>
  <testcase classname="com.TestNG.ParallelTestExecusion1" name="tc_5" time="0.003"/>
  <testcase classname="com.TestNG.ParallelTestExecusion1" name="tc_6" time="0.003"/>
</testsuite> <!-- ChromeTest -->
