<?xml version="1.0" encoding="UTF-8"?>
<!-- Generated by org.testng.reporters.JUnitXMLReporter -->
<testsuite ignored="3" hostname="Pratixa-Laptop" failures="0" tests="6" name="Test" time="0.087" errors="0" timestamp="2021-02-14T08:48:26 EST">
  <testcase classname="com.TestNG.TestGroups2" name="tc_4" time="0.01"/>
  <testcase classname="com.TestNG.TestGroups2" name="tc_5" time="0.002"/>
  <testcase classname="com.TestNG.TestGroups2" name="tc_6" time="0.001"/>
  <testcase classname="com.TestNG.TestGroups3" name="tc_7" time="0.004"/>
  <testcase classname="com.TestNG.TestGroups3" name="tc_8" time="0.002"/>
  <testcase classname="com.TestNG.TestGroups3" name="tc_9" time="0.002"/>
  <testcase classname="com.TestNG.TestGroups1" name="tc_2" time="0.0">
    <ignored/>
  </testcase> <!-- tc_2 -->
  <testcase classname="com.TestNG.TestGroups1" name="tc_1" time="0.0">
    <ignored/>
  </testcase> <!-- tc_1 -->
  <testcase classname="com.TestNG.TestGroups1" name="tc_3" time="0.0">
    <ignored/>
  </testcase> <!-- tc_3 -->
</testsuite> <!-- Test -->
