<?xml version="1.0" encoding="UTF-8"?>
<!-- Generated by org.testng.reporters.JUnitXMLReporter -->
<testsuite ignored="0" hostname="Pratixa-Laptop" failures="0" tests="3" name="Default test" time="0.069" errors="0" timestamp="2021-05-09T07:40:39 EDT">
  <testcase classname="booking.DataproviderExample" name="loginTest" time="0.008"/>
  <testcase classname="booking.DataproviderExample" name="loginTest" time="0.001"/>
  <testcase classname="booking.DataproviderExample" name="loginTest" time="0.001"/>
</testsuite> <!-- Default test -->
