<?xml version="1.0" encoding="UTF-8"?>
<testng-results ignored="0" total="1" passed="1" failed="0" skipped="0">
  <reporter-output>
  </reporter-output>
  <suite started-at="2022-03-23T14:16:17 EDT" name="Surefire suite" finished-at="2022-03-23T14:16:17 EDT" duration-ms="53">
    <groups>
    </groups>
    <test started-at="2022-03-23T14:16:17 EDT" name="Surefire test" finished-at="2022-03-23T14:16:17 EDT" duration-ms="53">
      <class name="TestSample">
        <test-method signature="test1()[pri:0, instance:TestSample@77c2494c]" started-at="2022-03-23T14:16:17 EDT" name="test1" finished-at="2022-03-23T14:16:17 EDT" duration-ms="4" status="PASS">
          <reporter-output>
          </reporter-output>
        </test-method> <!-- test1 -->
      </class> <!-- TestSample -->
    </test> <!-- Surefire test -->
  </suite> <!-- Surefire suite -->
</testng-results>
