<?xml version="1.0" encoding="UTF-8"?>
<!-- Generated by org.testng.reporters.JUnitXMLReporter -->
<testsuite ignored="1" hostname="Pratixa-Laptop" failures="0" tests="3" name="Test" time="0.061" errors="0" timestamp="2021-05-08T20:03:08 EDT">
  <testcase classname="groupingDemo.TestNGGroupDemo" name="test1" time="0.011"/>
  <testcase classname="groupingDemo.TestNGGroupDemo" name="test2" time="0.001"/>
  <testcase classname="groupingDemo.TestNGGroupDemo" name="test3" time="0.001"/>
  <testcase classname="groupingDemo.TestNGGroupDemo" name="test4" time="0.0">
    <ignored/>
  </testcase> <!-- test4 -->
</testsuite> <!-- Test -->
