<?xml version="1.0" encoding="UTF-8"?>
<!-- Generated by org.testng.reporters.JUnitXMLReporter -->
<testsuite hostname="DESKTOP-708UHHR" name="Default test" tests="4" failures="0" timestamp="8 May 2021 18:22:34 GMT" time="1.327" errors="0">
  <testcase name="testData" time="0.023" classname="com.apitest.datadriven.DataProviders"/>
  <testcase name="testData" time="0.006" classname="com.apitest.datadriven.DataProviders"/>
  <testcase name="testData" time="0.008" classname="com.apitest.datadriven.DataProviders"/>
  <testcase name="testData" time="0.007" classname="com.apitest.datadriven.DataProviders"/>
</testsuite> <!-- Default test -->
